<?xml version="1.0" encoding="UTF-8"?>
<!-- Generated by org.testng.reporters.JUnitReportReporter -->
<testsuite skipped="0" hostname="DESKTOP-LNP72KD" name="tests.LoginTest" tests="1" failures="0" timestamp="2020-06-09T22:02:22 BST" time="21.969" errors="0">
  <testcase name="loginTest" time="21.969" classname="tests.LoginTest"/>
  <system-out/>
</testsuite> <!-- tests.LoginTest -->
